<?xml version="1.0" encoding="UTF-8" ?>
<testsuites>
  <testsuite errors="0" failures="0" hostname="ROBUCWS364" id="0" name="FTest" package="com.testing" skipped="0" tests="1" time="142.358" timestamp="2016-09-07T11:29:59">
      <properties>
[...]
</properties>

      <testcase classname="com.testing.FTest" name="test" time="139.469" />

      <system-out><![CDATA[]]></system-out>

      <system-err><![CDATA[]]></system-err>

  </testsuite>
  <testsuite errors="1" failures="0" hostname="ROBUCWS364" id="1" name="LeanFtTest" package="com.testing" skipped="0" tests="1" time="105.651" timestamp="2016-09-07T11:28:12">
      <properties>
[...]
</properties>

      <testcase classname="com.testing.LeanFtTest" name="test" time="103.205">
          <error message="Cannot identify the object &quot;Java Menu&quot;.&#xa;Verify that this object&apos;s properties match an object currently displayed in your application." type="com.hp.lft.sdk.ReplayObjectNotFoundException">com.hp.lft.sdk.ReplayObjectNotFoundException: Cannot identify the object &quot;Java Menu&quot;.
Verify that this object&apos;s properties match an object currently displayed in your application.
	at com.hp.lft.sdk.internal.ReplayExceptionFactory$1.create(ReplayExceptionFactory.java:33)
	at com.hp.lft.sdk.internal.ReplayExceptionFactory.createOrDefault(ReplayExceptionFactory.java:131)
	at com.hp.lft.sdk.internal.ReplayExceptionFactory.createOrDefault(ReplayExceptionFactory.java:20)
	at com.hp.lft.sdk.internal.TestObjectExecuterBehaviorBase$ReplayErrorHandler.onError(TestObjectExecuterBehaviorBase.java:65)
	at com.hp.lft.sdk.internal.CommunicationClientImpl.handleError(CommunicationClientImpl.java:226)
	at com.hp.lft.sdk.internal.CommunicationClientImpl.send(CommunicationClientImpl.java:100)
	at com.hp.lft.sdk.internal.TestObjectExecuterBehavior.executeMethod(TestObjectExecuter.java:33)
	at com.hp.lft.sdk.internal.TestObjectBase.executeMethod(TestObjectBase.java:119)
	at com.hp.lft.sdk.internal.java.JavaMenu.access$000(JavaMenu.java:15)
	at com.hp.lft.sdk.internal.java.JavaMenu$1.invoke(JavaMenu.java:27)
	at com.hp.lft.sdk.internal.TestObjectOperationWrapper.executeWithEvents(TestObjectOperationWrapper.java:71)
	at com.hp.lft.sdk.internal.TestObjectOperationWrapper.executeWithEvents(TestObjectOperationWrapper.java:102)
	at com.hp.lft.sdk.internal.java.JavaMenu.select(JavaMenu.java:30)
	at com.hp.lft.sdk.internal.java.JavaMenu$3.invoke(JavaMenu.java:71)
	at com.hp.lft.sdk.internal.TestObjectOperationWrapper.executeWithEvents(TestObjectOperationWrapper.java:81)
	at com.hp.lft.sdk.internal.TestObjectOperationWrapper.executeWithEvents(TestObjectOperationWrapper.java:102)
	at com.hp.lft.sdk.internal.java.JavaMenu.selectSubMenu(JavaMenu.java:74)
	at com.testing.LeanFtTest.test(LeanFtTest.java:96)
</error>

      </testcase>

      <system-out><![CDATA[]]></system-out>

      <system-err><![CDATA[]]></system-err>

  </testsuite>
</testsuites>
